<?xml version="1.0" encoding="UTF-8"?>
<!-- Generated by org.testng.reporters.JUnitXMLReporter -->
<testsuite ignored="0" hostname="DESKTOP-0N1SQP8" failures="0" tests="6" name="Test" time="4.216" errors="0" timestamp="2024-05-30T16:08:09 TRT">
  <testcase classname="test.UrunIslemleriTest" name="@BeforeClass beforeClass" time="0.109">
    <failure type="java.lang.NoClassDefFoundError" message="org/openqa/selenium/manager/SeleniumManager">
      <![CDATA[java.lang.NoClassDefFoundError: org/openqa/selenium/manager/SeleniumManager
at org.openqa.selenium.remote.service.DriverFinder.<init>(DriverFinder.java:45)
at org.openqa.selenium.chrome.ChromeDriver.generateExecutor(ChromeDriver.java:98)
at org.openqa.selenium.chrome.ChromeDriver.<init>(ChromeDriver.java:88)
at org.openqa.selenium.chrome.ChromeDriver.<init>(ChromeDriver.java:83)
at org.openqa.selenium.chrome.ChromeDriver.<init>(ChromeDriver.java:51)
at Akakce.BaseClass.beforeClass(BaseClass.java:19)
at test.UrunIslemleriTest.beforeClass(UrunIslemleriTest.java:17)
at java.base/java.util.ArrayList.forEach(ArrayList.java:1541)
Caused by: java.lang.ClassNotFoundException: org.openqa.selenium.manager.SeleniumManager
at java.base/jdk.internal.loader.BuiltinClassLoader.loadClass(BuiltinClassLoader.java:581)
at java.base/jdk.internal.loader.ClassLoaders$AppClassLoader.loadClass(ClassLoaders.java:178)
at java.base/java.lang.ClassLoader.loadClass(ClassLoader.java:522)
... 33 more
... Removed 25 stack frames]]>
    </failure>
  </testcase> <!-- @BeforeClass beforeClass -->
  <testcase classname="test.UrunIslemleriTest" name="@AfterClass afterClass" time="2.016">
    <failure type="java.lang.NullPointerException">
      <![CDATA[java.lang.NullPointerException
at Akakce.BaseClass.afterClass(BaseClass.java:33)
at test.UrunIslemleriTest.afterClass(UrunIslemleriTest.java:44)
at java.base/java.util.ArrayList.forEach(ArrayList.java:1541)
... Removed 25 stack frames]]>
    </failure>
  </testcase> <!-- @AfterClass afterClass -->
  <testcase classname="test.YonlendirmeTest" name="@BeforeClass beforeClass" time="0.0">
    <failure type="java.lang.NoClassDefFoundError" message="org/openqa/selenium/manager/SeleniumManager">
      <![CDATA[java.lang.NoClassDefFoundError: org/openqa/selenium/manager/SeleniumManager
at org.openqa.selenium.remote.service.DriverFinder.<init>(DriverFinder.java:45)
at org.openqa.selenium.chrome.ChromeDriver.generateExecutor(ChromeDriver.java:98)
at org.openqa.selenium.chrome.ChromeDriver.<init>(ChromeDriver.java:88)
at org.openqa.selenium.chrome.ChromeDriver.<init>(ChromeDriver.java:83)
at org.openqa.selenium.chrome.ChromeDriver.<init>(ChromeDriver.java:51)
at Akakce.BaseClass.beforeClass(BaseClass.java:19)
at test.YonlendirmeTest.beforeClass(YonlendirmeTest.java:14)
at java.base/java.util.ArrayList.forEach(ArrayList.java:1541)
... Removed 25 stack frames]]>
    </failure>
  </testcase> <!-- @BeforeClass beforeClass -->
  <testcase classname="test.YonlendirmeTest" name="@AfterClass afterClass" time="2.013">
    <failure type="java.lang.NullPointerException">
      <![CDATA[java.lang.NullPointerException
at Akakce.BaseClass.afterClass(BaseClass.java:33)
at test.YonlendirmeTest.afterClass(YonlendirmeTest.java:29)
at java.base/java.util.ArrayList.forEach(ArrayList.java:1541)
... Removed 25 stack frames]]>
    </failure>
  </testcase> <!-- @AfterClass afterClass -->
  <testcase classname="test.UrunIslemleriTest" name="openPageTest" time="0.0">
    <skipped/>
  </testcase> <!-- openPageTest -->
  <testcase classname="test.UrunIslemleriTest" name="searchTest" time="0.0">
    <skipped/>
  </testcase> <!-- searchTest -->
  <testcase classname="test.UrunIslemleriTest" name="selectProductTest" time="0.0">
    <skipped/>
  </testcase> <!-- selectProductTest -->
  <testcase classname="test.UrunIslemleriTest" name="followProductTest" time="0.0">
    <skipped/>
  </testcase> <!-- followProductTest -->
  <testcase classname="test.YonlendirmeTest" name="redirectEdilecekUrunuSec" time="0.0">
    <skipped/>
  </testcase> <!-- redirectEdilecekUrunuSec -->
  <testcase classname="test.YonlendirmeTest" name="redirectToSellerTest" time="0.0">
    <skipped/>
  </testcase> <!-- redirectToSellerTest -->
</testsuite> <!-- Test -->
